<?xml version="1.0" encoding="UTF-8" ?>
<testsuite failures="0" time="0.011" errors="0" skipped="0" tests="1" name="cn.edu.cqnu.forconsumer.spider.AppTest">
  <properties>
    <property name="java.runtime.name" value="OpenJDK Runtime Environment"/>
    <property name="sun.boot.library.path" value="/usr/lib/jvm/java-7-openjdk-i386/jre/lib/i386"/>
    <property name="java.vm.version" value="24.75-b04"/>
    <property name="java.vm.vendor" value="Oracle Corporation"/>
    <property name="java.vendor.url" value="http://java.oracle.com/"/>
    <property name="path.separator" value=":"/>
    <property name="java.vm.name" value="OpenJDK Server VM"/>
    <property name="file.encoding.pkg" value="sun.io"/>
    <property name="user.country" value="CN"/>
    <property name="sun.java.launcher" value="SUN_STANDARD"/>
    <property name="sun.os.patch.level" value="unknown"/>
    <property name="java.vm.specification.name" value="Java Virtual Machine Specification"/>
    <property name="user.dir" value="/home/young/workspace/spider"/>
    <property name="java.runtime.version" value="1.7.0_75-b13"/>
    <property name="java.awt.graphicsenv" value="sun.awt.X11GraphicsEnvironment"/>
    <property name="basedir" value="/home/young/workspace/spider"/>
    <property name="java.endorsed.dirs" value="/usr/lib/jvm/java-7-openjdk-i386/jre/lib/endorsed"/>
    <property name="os.arch" value="i386"/>
    <property name="surefire.real.class.path" value="/home/young/workspace/spider/target/surefire/surefirebooter4480537531656845608.jar"/>
    <property name="java.io.tmpdir" value="/tmp"/>
    <property name="line.separator" value="
"/>
    <property name="java.vm.specification.vendor" value="Oracle Corporation"/>
    <property name="os.name" value="Linux"/>
    <property name="sun.jnu.encoding" value="UTF-8"/>
    <property name="java.library.path" value="/usr/lib/jvm/java-7-openjdk-i386/jre/lib/i386/server:/usr/lib/jvm/java-7-openjdk-i386/jre/lib/i386:/usr/lib/jvm/java-7-openjdk-i386/jre/../lib/i386:/usr/lib/jvm/java-7-openjdk-i386/jre/lib/i386/client:/usr/lib/jvm/java-7-openjdk-i386/jre/lib/i386::/usr/java/packages/lib/i386:/usr/lib/i386-linux-gnu/jni:/lib/i386-linux-gnu:/usr/lib/i386-linux-gnu:/usr/lib/jni:/lib:/usr/lib"/>
    <property name="surefire.test.class.path" value="/home/young/workspace/spider/target/test-classes:/home/young/workspace/spider/target/classes:/home/young/.m2/repository/junit/junit/3.8.1/junit-3.8.1.jar:/home/young/.m2/repository/mysql/mysql-connector-java/5.1.32/mysql-connector-java-5.1.32.jar:/home/young/.m2/repository/org/apache/logging/log4j/log4j-api/2.3/log4j-api-2.3.jar:/home/young/.m2/repository/org/apache/logging/log4j/log4j-core/2.3/log4j-core-2.3.jar:/home/young/.m2/repository/org/hibernate/hibernate-core/5.0.0.CR3/hibernate-core-5.0.0.CR3.jar:/home/young/.m2/repository/org/jboss/logging/jboss-logging/3.3.0.Final/jboss-logging-3.3.0.Final.jar:/home/young/.m2/repository/org/apache/geronimo/specs/geronimo-jta_1.1_spec/1.1.1/geronimo-jta_1.1_spec-1.1.1.jar:/home/young/.m2/repository/org/hibernate/javax/persistence/hibernate-jpa-2.1-api/1.0.0.Final/hibernate-jpa-2.1-api-1.0.0.Final.jar:/home/young/.m2/repository/org/javassist/javassist/3.18.1-GA/javassist-3.18.1-GA.jar:/home/young/.m2/repository/antlr/antlr/2.7.7/antlr-2.7.7.jar:/home/young/.m2/repository/org/jboss/jandex/1.2.2.Final/jandex-1.2.2.Final.jar:/home/young/.m2/repository/dom4j/dom4j/1.6.1/dom4j-1.6.1.jar:/home/young/.m2/repository/xml-apis/xml-apis/1.0.b2/xml-apis-1.0.b2.jar:/home/young/.m2/repository/org/hibernate/common/hibernate-commons-annotations/5.0.0.Final/hibernate-commons-annotations-5.0.0.Final.jar:/home/young/.m2/repository/org/hibernate/hibernate-entitymanager/5.0.0.CR3/hibernate-entitymanager-5.0.0.CR3.jar:/home/young/.m2/repository/org/apache/httpcomponents/httpclient/4.5/httpclient-4.5.jar:/home/young/.m2/repository/org/apache/httpcomponents/httpcore/4.4.1/httpcore-4.4.1.jar:/home/young/.m2/repository/commons-logging/commons-logging/1.2/commons-logging-1.2.jar:/home/young/.m2/repository/commons-codec/commons-codec/1.9/commons-codec-1.9.jar:"/>
    <property name="java.specification.name" value="Java Platform API Specification"/>
    <property name="java.class.version" value="51.0"/>
    <property name="sun.management.compiler" value="HotSpot Tiered Compilers"/>
    <property name="os.version" value="3.13.0-57-generic"/>
    <property name="user.home" value="/home/young"/>
    <property name="user.timezone" value=""/>
    <property name="java.awt.printerjob" value="sun.print.PSPrinterJob"/>
    <property name="file.encoding" value="UTF-8"/>
    <property name="java.specification.version" value="1.7"/>
    <property name="user.name" value="young"/>
    <property name="java.class.path" value="/home/young/workspace/spider/target/test-classes:/home/young/workspace/spider/target/classes:/home/young/.m2/repository/junit/junit/3.8.1/junit-3.8.1.jar:/home/young/.m2/repository/mysql/mysql-connector-java/5.1.32/mysql-connector-java-5.1.32.jar:/home/young/.m2/repository/org/apache/logging/log4j/log4j-api/2.3/log4j-api-2.3.jar:/home/young/.m2/repository/org/apache/logging/log4j/log4j-core/2.3/log4j-core-2.3.jar:/home/young/.m2/repository/org/hibernate/hibernate-core/5.0.0.CR3/hibernate-core-5.0.0.CR3.jar:/home/young/.m2/repository/org/jboss/logging/jboss-logging/3.3.0.Final/jboss-logging-3.3.0.Final.jar:/home/young/.m2/repository/org/apache/geronimo/specs/geronimo-jta_1.1_spec/1.1.1/geronimo-jta_1.1_spec-1.1.1.jar:/home/young/.m2/repository/org/hibernate/javax/persistence/hibernate-jpa-2.1-api/1.0.0.Final/hibernate-jpa-2.1-api-1.0.0.Final.jar:/home/young/.m2/repository/org/javassist/javassist/3.18.1-GA/javassist-3.18.1-GA.jar:/home/young/.m2/repository/antlr/antlr/2.7.7/antlr-2.7.7.jar:/home/young/.m2/repository/org/jboss/jandex/1.2.2.Final/jandex-1.2.2.Final.jar:/home/young/.m2/repository/dom4j/dom4j/1.6.1/dom4j-1.6.1.jar:/home/young/.m2/repository/xml-apis/xml-apis/1.0.b2/xml-apis-1.0.b2.jar:/home/young/.m2/repository/org/hibernate/common/hibernate-commons-annotations/5.0.0.Final/hibernate-commons-annotations-5.0.0.Final.jar:/home/young/.m2/repository/org/hibernate/hibernate-entitymanager/5.0.0.CR3/hibernate-entitymanager-5.0.0.CR3.jar:/home/young/.m2/repository/org/apache/httpcomponents/httpclient/4.5/httpclient-4.5.jar:/home/young/.m2/repository/org/apache/httpcomponents/httpcore/4.4.1/httpcore-4.4.1.jar:/home/young/.m2/repository/commons-logging/commons-logging/1.2/commons-logging-1.2.jar:/home/young/.m2/repository/commons-codec/commons-codec/1.9/commons-codec-1.9.jar:"/>
    <property name="java.vm.specification.version" value="1.7"/>
    <property name="sun.arch.data.model" value="32"/>
    <property name="java.home" value="/usr/lib/jvm/java-7-openjdk-i386/jre"/>
    <property name="sun.java.command" value="/home/young/workspace/spider/target/surefire/surefirebooter4480537531656845608.jar /home/young/workspace/spider/target/surefire/surefire266236975290269938tmp /home/young/workspace/spider/target/surefire/surefire256125882439558304tmp"/>
    <property name="java.specification.vendor" value="Oracle Corporation"/>
    <property name="user.language" value="zh"/>
    <property name="awt.toolkit" value="sun.awt.X11.XToolkit"/>
    <property name="java.vm.info" value="mixed mode"/>
    <property name="java.version" value="1.7.0_75"/>
    <property name="java.ext.dirs" value="/usr/lib/jvm/java-7-openjdk-i386/jre/lib/ext:/usr/java/packages/lib/ext"/>
    <property name="sun.boot.class.path" value="/usr/lib/jvm/java-7-openjdk-i386/jre/lib/resources.jar:/usr/lib/jvm/java-7-openjdk-i386/jre/lib/rt.jar:/usr/lib/jvm/java-7-openjdk-i386/jre/lib/sunrsasign.jar:/usr/lib/jvm/java-7-openjdk-i386/jre/lib/jsse.jar:/usr/lib/jvm/java-7-openjdk-i386/jre/lib/jce.jar:/usr/lib/jvm/java-7-openjdk-i386/jre/lib/charsets.jar:/usr/lib/jvm/java-7-openjdk-i386/jre/lib/rhino.jar:/usr/lib/jvm/java-7-openjdk-i386/jre/lib/jfr.jar:/usr/lib/jvm/java-7-openjdk-i386/jre/classes"/>
    <property name="java.vendor" value="Oracle Corporation"/>
    <property name="localRepository" value="/home/young/.m2/repository"/>
    <property name="file.separator" value="/"/>
    <property name="java.vendor.url.bug" value="http://bugreport.sun.com/bugreport/"/>
    <property name="sun.cpu.endian" value="little"/>
    <property name="sun.io.unicode.encoding" value="UnicodeLittle"/>
    <property name="sun.desktop" value="gnome"/>
    <property name="sun.cpu.isalist" value=""/>
  </properties>
  <testcase time="0.001" classname="cn.edu.cqnu.forconsumer.spider.AppTest" name="testApp"/>
</testsuite>